<?xml version="1.0" encoding="UTF-8"?>
<testsuite name="BinStringTestOriginal" tests="3" skipped="0" failures="0" errors="0" timestamp="2022-10-31T15:08:06" hostname="pop-os" time="0.131">
  <properties/>
  <testcase name="testSumFunction()" classname="BinStringTestOriginal" time="0.098"/>
  <testcase name="testTotalConversion()" classname="BinStringTestOriginal" time="0.015"/>
  <testcase name="testBinariseFunction()" classname="BinStringTestOriginal" time="0.006"/>
  <system-out><![CDATA[]]></system-out>
  <system-err><![CDATA[]]></system-err>
</testsuite>
